Base path: 'C:/Program Files/Unity 2019.3.0b4/Editor/Data', plugins path 'C:/Program Files/Unity 2019.3.0b4/Editor/Data/PlaybackEngines'
Cmd: initializeCompiler
Cmd: preprocess
  insize=811 outsize=209 ok=1
Cmd: preprocess
  insize=811 outsize=209 ok=1
Cmd: preprocess
  insize=811 outsize=209 ok=1
Cmd: preprocess
  insize=811 outsize=209 ok=1
Cmd: preprocess
  insize=811 outsize=209 ok=1
Cmd: preprocess
  insize=811 outsize=209 ok=1
Cmd: preprocess
  insize=811 outsize=209 ok=1
Cmd: preprocess
  insize=811 outsize=209 ok=1
Cmd: preprocess
  insize=811 outsize=209 ok=1
Cmd: preprocess
  insize=811 outsize=209 ok=1
Cmd: preprocess
  insize=811 outsize=209 ok=1
Cmd: preprocess
  insize=811 outsize=209 ok=1
Cmd: preprocess
  insize=811 outsize=209 ok=1
Cmd: preprocess
  insize=811 outsize=209 ok=1
Cmd: preprocess
  insize=811 outsize=209 ok=1
Cmd: preprocess
  insize=811 outsize=209 ok=1
Cmd: preprocess
  insize=811 outsize=209 ok=1
Cmd: preprocess
  insize=811 outsize=209 ok=1
Cmd: preprocess
  insize=811 outsize=209 ok=1
Cmd: preprocess
  insize=811 outsize=209 ok=1
Cmd: preprocess
  insize=811 outsize=209 ok=1
Cmd: preprocess
  insize=811 outsize=209 ok=1
Cmd: preprocess
  insize=811 outsize=209 ok=1
Cmd: preprocess
  insize=811 outsize=209 ok=1
Cmd: preprocess
  insize=811 outsize=209 ok=1
Cmd: preprocess
  insize=811 outsize=209 ok=1
Cmd: preprocess
  insize=811 outsize=209 ok=1
Cmd: preprocess
  insize=811 outsize=209 ok=1
Cmd: preprocess
  insize=811 outsize=209 ok=1
Cmd: preprocess
  insize=811 outsize=209 ok=1
Cmd: preprocess
  insize=811 outsize=209 ok=1
Cmd: preprocess
  insize=811 outsize=209 ok=1
Cmd: preprocess
  insize=811 outsize=209 ok=1
Cmd: preprocess
  insize=811 outsize=209 ok=1
Cmd: preprocess
  insize=811 outsize=209 ok=1
Cmd: preprocess
  insize=811 outsize=209 ok=1
Cmd: preprocess
  insize=811 outsize=209 ok=1
Cmd: preprocess
  insize=811 outsize=209 ok=1
Cmd: preprocess
  insize=811 outsize=209 ok=1
Cmd: preprocess
  insize=811 outsize=209 ok=1
Cmd: preprocess
  insize=811 outsize=209 ok=1
Cmd: preprocess
  insize=811 outsize=209 ok=1
Cmd: preprocess
  insize=811 outsize=209 ok=1
Cmd: preprocess
  insize=811 outsize=209 ok=1
Cmd: preprocess
  insize=811 outsize=209 ok=1
Cmd: preprocess
  insize=811 outsize=209 ok=1
Cmd: preprocess
  insize=811 outsize=209 ok=1
Cmd: preprocess
  insize=811 outsize=209 ok=1
Cmd: preprocess
  insize=811 outsize=209 ok=1
Cmd: preprocess
  insize=811 outsize=209 ok=1
Cmd: preprocess
  insize=811 outsize=209 ok=1
Cmd: preprocess
  insize=811 outsize=209 ok=1
Cmd: preprocess
  insize=811 outsize=209 ok=1
Cmd: preprocess
  insize=811 outsize=209 ok=1
Cmd: preprocess
  insize=811 outsize=209 ok=1
Cmd: preprocess
  insize=811 outsize=209 ok=1
Cmd: preprocess
  insize=811 outsize=209 ok=1
Cmd: preprocess
  insize=811 outsize=209 ok=1
Cmd: preprocess
  insize=811 outsize=209 ok=1
Cmd: preprocess
  insize=811 outsize=209 ok=1
Cmd: preprocess
  insize=811 outsize=209 ok=1
Cmd: preprocess
  insize=811 outsize=209 ok=1
Cmd: preprocess
  insize=811 outsize=209 ok=1
Cmd: preprocess
  insize=811 outsize=209 ok=1
Cmd: preprocess
  insize=811 outsize=209 ok=1
Cmd: preprocess
  insize=811 outsize=209 ok=1
Cmd: preprocess
  insize=811 outsize=209 ok=1
Cmd: preprocess
  insize=811 outsize=209 ok=1
Cmd: preprocess
  insize=811 outsize=209 ok=1
Cmd: preprocess
  insize=37645 outsize=1473 ok=1
Cmd: preprocess
  insize=54230 outsize=1474 ok=1
Cmd: preprocess
  insize=37492 outsize=1474 ok=1
Cmd: preprocess
  insize=54059 outsize=1489 ok=1
Cmd: preprocess
  insize=36823 outsize=1474 ok=1
Cmd: preprocess
  insize=4756 outsize=988 ok=1
Cmd: preprocess
  insize=4510 outsize=992 ok=1
Cmd: preprocess
  insize=4229 outsize=993 ok=1
Cmd: preprocess
  insize=36517 outsize=1470 ok=1
Cmd: preprocess
  insize=35349 outsize=1472 ok=1
Cmd: preprocess
  insize=32425 outsize=1238 ok=1
Cmd: preprocess
  insize=54719 outsize=1485 ok=1
Cmd: preprocess
  insize=35204 outsize=1472 ok=1
Cmd: preprocess
  insize=5561 outsize=993 ok=1
Cmd: preprocess
  insize=5285 outsize=994 ok=1
Cmd: preprocess
  insize=55674 outsize=1475 ok=1
Cmd: preprocess
  insize=25978 outsize=989 ok=1
Cmd: preprocess
  insize=19753 outsize=994 ok=1
Cmd: preprocess
  insize=19594 outsize=992 ok=1
Cmd: preprocess
  insize=25841 outsize=987 ok=1
Cmd: preprocess
  insize=4354 outsize=992 ok=1
Cmd: preprocess
  insize=308859 outsize=7422 ok=1
Cmd: preprocess
  insize=21109 outsize=1004 ok=1
Cmd: preprocess
  insize=24021 outsize=1004 ok=1
Cmd: preprocess
  insize=34397 outsize=1000 ok=1
Cmd: preprocess
  insize=32156 outsize=1011 ok=1
Cmd: preprocess
  insize=32325 outsize=993 ok=1
Cmd: preprocess
  insize=5989 outsize=1003 ok=1
Cmd: preprocess
  insize=4142 outsize=987 ok=1
Cmd: preprocess
  insize=18517 outsize=994 ok=1
Cmd: preprocess
  insize=18643 outsize=988 ok=1
Cmd: preprocess
  insize=5115 outsize=989 ok=1
Cmd: preprocess
  insize=4689 outsize=1000 ok=1
Cmd: preprocess
  insize=17659 outsize=1009 ok=1
Cmd: preprocess
  insize=4335 outsize=997 ok=1
Cmd: preprocess
  insize=9309 outsize=1005 ok=1
Cmd: preprocess
  insize=35633 outsize=1469 ok=1
Cmd: preprocess
  insize=4354 outsize=992 ok=1
Cmd: preprocess
  insize=24088 outsize=993 ok=1
Cmd: preprocess
  insize=24482 outsize=988 ok=1
Cmd: preprocess
  insize=24088 outsize=994 ok=1
Cmd: preprocess
  insize=4262 outsize=997 ok=1
Cmd: preprocess
  insize=19217 outsize=1001 ok=1
Cmd: preprocess
  insize=19441 outsize=991 ok=1
Cmd: preprocess
  insize=29598 outsize=1236 ok=1
Cmd: preprocess
  insize=26200 outsize=992 ok=1
Cmd: preprocess
  insize=26388 outsize=988 ok=1
Cmd: preprocess
  insize=32657 outsize=1235 ok=1
Cmd: preprocess
  insize=32840 outsize=1235 ok=1
Cmd: preprocess
  insize=32680 outsize=1235 ok=1
Cmd: preprocess
  insize=35863 outsize=1474 ok=1
Cmd: preprocess
  insize=22704 outsize=1013 ok=1
Cmd: preprocess
  insize=811 outsize=209 ok=1
Cmd: preprocess
  insize=811 outsize=209 ok=1
Cmd: preprocess
  insize=811 outsize=209 ok=1
Cmd: preprocess
  insize=811 outsize=209 ok=1
Cmd: preprocess
  insize=811 outsize=209 ok=1
Cmd: preprocess
  insize=811 outsize=209 ok=1
Cmd: preprocess
  insize=811 outsize=209 ok=1
Cmd: preprocess
  insize=811 outsize=209 ok=1
Cmd: preprocess
  insize=811 outsize=209 ok=1
Cmd: preprocess
  insize=811 outsize=209 ok=1
Cmd: preprocess
  insize=811 outsize=209 ok=1
Cmd: preprocess
  insize=811 outsize=209 ok=1
Cmd: preprocess
  insize=811 outsize=209 ok=1
Cmd: preprocess
  insize=811 outsize=209 ok=1
Cmd: preprocess
  insize=811 outsize=209 ok=1
Cmd: preprocess
  insize=811 outsize=209 ok=1
Cmd: preprocess
  insize=811 outsize=209 ok=1
Cmd: preprocess
  insize=811 outsize=209 ok=1
Cmd: preprocess
  insize=811 outsize=209 ok=1
Cmd: preprocess
  insize=811 outsize=209 ok=1
Cmd: preprocess
  insize=811 outsize=209 ok=1
Cmd: preprocess
  insize=811 outsize=209 ok=1
Cmd: preprocess
  insize=811 outsize=209 ok=1
Cmd: preprocess
  insize=811 outsize=209 ok=1
Cmd: preprocess
  insize=811 outsize=209 ok=1
Cmd: preprocess
  insize=811 outsize=209 ok=1
Cmd: preprocess
  insize=811 outsize=209 ok=1
Cmd: preprocess
  insize=811 outsize=209 ok=1
Cmd: preprocess
  insize=811 outsize=209 ok=1
Cmd: preprocess
  insize=811 outsize=209 ok=1
Cmd: preprocess
  insize=811 outsize=209 ok=1
Cmd: preprocess
  insize=811 outsize=209 ok=1
Cmd: preprocess
  insize=811 outsize=209 ok=1
Cmd: preprocess
  insize=811 outsize=209 ok=1
Cmd: preprocess
  insize=811 outsize=209 ok=1
Cmd: preprocess
  insize=811 outsize=209 ok=1
Cmd: preprocess
  insize=811 outsize=209 ok=1
Cmd: preprocess
  insize=811 outsize=209 ok=1
Cmd: preprocess
  insize=811 outsize=209 ok=1
Cmd: preprocess
  insize=811 outsize=209 ok=1
Cmd: preprocess
  insize=811 outsize=209 ok=1
Cmd: preprocess
  insize=811 outsize=209 ok=1
Cmd: preprocess
  insize=811 outsize=209 ok=1
Cmd: preprocess
  insize=250750 outsize=6884 ok=1
Cmd: preprocess
  insize=17654 outsize=951 ok=1
Cmd: preprocess
  insize=4330 outsize=941 ok=1
Cmd: preprocess
  insize=4136 outsize=930 ok=1
Cmd: preprocess
  insize=5977 outsize=944 ok=1
Cmd: preprocess
  insize=32321 outsize=937 ok=1
Cmd: preprocess
  insize=6411 outsize=946 ok=1
Cmd: preprocess
  insize=4683 outsize=943 ok=1
Cmd: preprocess
  insize=18641 outsize=931 ok=1
Cmd: preprocess
  insize=18519 outsize=937 ok=1
Cmd: preprocess
  insize=32152 outsize=955 ok=1
Cmd: preprocess
  insize=5117 outsize=933 ok=1
Cmd: preprocess
  insize=39753 outsize=938 ok=1
Cmd: preprocess
  insize=34400 outsize=944 ok=1
Cmd: preprocess
  insize=38052 outsize=958 ok=1
Cmd: preprocess
  insize=4220 outsize=936 ok=1
Cmd: preprocess
  insize=24015 outsize=947 ok=1
Cmd: preprocess
  insize=21846 outsize=947 ok=1
Cmd: preprocess
  insize=18863 outsize=937 ok=1
Cmd: preprocess
  insize=24929 outsize=937 ok=1
Cmd: preprocess
  insize=38798 outsize=947 ok=1
Cmd: preprocess
  insize=21103 outsize=947 ok=1
Cmd: preprocess
  insize=4136 outsize=930 ok=1
Cmd: preprocess
  insize=4466 outsize=936 ok=1
Cmd: preprocess
  insize=24758 outsize=946 ok=1
Cmd: preprocess
  insize=38327 outsize=935 ok=1
Cmd: preprocess
  insize=38127 outsize=932 ok=1
Cmd: preprocess
  insize=34695 outsize=935 ok=1
Cmd: preprocess
  insize=4256 outsize=940 ok=1
Cmd: preprocess
  insize=811 outsize=209 ok=1
Cmd: preprocess
  insize=811 outsize=209 ok=1
Cmd: preprocess
  insize=811 outsize=209 ok=1
Cmd: preprocess
  insize=811 outsize=209 ok=1
Cmd: preprocess
  insize=811 outsize=209 ok=1
Cmd: preprocess
  insize=811 outsize=209 ok=1
Cmd: preprocess
  insize=811 outsize=209 ok=1
Cmd: preprocess
  insize=811 outsize=209 ok=1
Cmd: preprocess
  insize=811 outsize=209 ok=1
Cmd: preprocess
  insize=811 outsize=209 ok=1
Cmd: preprocess
  insize=811 outsize=209 ok=1
Cmd: preprocess
  insize=811 outsize=209 ok=1
Cmd: preprocess
  insize=811 outsize=209 ok=1
Cmd: preprocess
  insize=811 outsize=209 ok=1
Cmd: preprocess
  insize=811 outsize=209 ok=1
Cmd: preprocess
  insize=187074 outsize=6615 ok=1
Cmd: preprocess
  insize=19477 outsize=684 ok=1
Cmd: preprocess
  insize=3940 outsize=668 ok=1
Cmd: preprocess
  insize=3968 outsize=672 ok=1
Cmd: preprocess
  insize=6858 outsize=677 ok=1
Cmd: preprocess
  insize=20998 outsize=680 ok=1
Cmd: preprocess
  insize=19649 outsize=669 ok=1
Cmd: preprocess
  insize=22013 outsize=670 ok=1
Cmd: preprocess
  insize=22560 outsize=670 ok=1
Cmd: preprocess
  insize=811 outsize=209 ok=1
Cmd: preprocess
  insize=811 outsize=209 ok=1
Cmd: preprocess
  insize=811 outsize=209 ok=1
Cmd: preprocess
  insize=811 outsize=209 ok=1
Cmd: preprocess
  insize=811 outsize=209 ok=1
Cmd: preprocess
  insize=811 outsize=209 ok=1
Cmd: preprocess
  insize=811 outsize=209 ok=1
Cmd: preprocess
  insize=811 outsize=209 ok=1
Cmd: preprocess
  insize=811 outsize=209 ok=1
Cmd: preprocess
  insize=811 outsize=209 ok=1
Cmd: preprocess
  insize=811 outsize=209 ok=1
Cmd: preprocess
  insize=811 outsize=209 ok=1
Cmd: preprocess
  insize=811 outsize=209 ok=1
Cmd: preprocess
  insize=811 outsize=209 ok=1
Cmd: preprocess
  insize=811 outsize=209 ok=1
Cmd: preprocess
  insize=811 outsize=209 ok=1
Cmd: preprocess
  insize=811 outsize=209 ok=1
Cmd: preprocess
  insize=811 outsize=209 ok=1
Cmd: preprocess
  insize=811 outsize=209 ok=1
Cmd: preprocess
  insize=811 outsize=209 ok=1
Cmd: preprocess
  insize=811 outsize=209 ok=1
Cmd: preprocess
  insize=811 outsize=209 ok=1
Cmd: preprocess
  insize=811 outsize=209 ok=1
Cmd: preprocess
  insize=212559 outsize=6808 ok=1
Cmd: preprocess
  insize=28291 outsize=876 ok=1
Cmd: preprocess
  insize=4323 outsize=859 ok=1
Cmd: preprocess
  insize=20236 outsize=869 ok=1
Cmd: preprocess
  insize=28953 outsize=872 ok=1
Cmd: preprocess
  insize=28463 outsize=861 ok=1
Cmd: preprocess
  insize=29112 outsize=861 ok=1
Cmd: preprocess
  insize=10652 outsize=874 ok=1
Cmd: preprocess
  insize=9558 outsize=869 ok=1
Cmd: preprocess
  insize=4441 outsize=860 ok=1
Cmd: preprocess
  insize=17624 outsize=868 ok=1
Cmd: preprocess
  insize=4111 outsize=854 ok=1
Cmd: preprocess
  insize=15366 outsize=864 ok=1
Cmd: preprocess
  insize=7093 outsize=863 ok=1
Cmd: preprocess
  insize=811 outsize=209 ok=1
Cmd: preprocess
  insize=811 outsize=209 ok=1
Cmd: preprocess
  insize=811 outsize=209 ok=1
Cmd: preprocess
  insize=811 outsize=209 ok=1
Cmd: preprocess
  insize=811 outsize=209 ok=1
Cmd: preprocess
  insize=811 outsize=209 ok=1
Cmd: preprocess
  insize=811 outsize=209 ok=1
Cmd: preprocess
  insize=811 outsize=209 ok=1
Cmd: preprocess
  insize=811 outsize=209 ok=1
Cmd: preprocess
  insize=811 outsize=209 ok=1
Cmd: preprocess
  insize=811 outsize=209 ok=1
Cmd: preprocess
  insize=811 outsize=209 ok=1
Cmd: preprocess
  insize=811 outsize=209 ok=1
Cmd: preprocess
  insize=811 outsize=209 ok=1
Cmd: preprocess
  insize=811 outsize=209 ok=1
Cmd: preprocess
  insize=210552 outsize=6490 ok=1
Cmd: preprocess
  insize=8853 outsize=551 ok=1
Cmd: preprocess
  insize=27386 outsize=550 ok=1
Cmd: preprocess
  insize=15856 outsize=545 ok=1
Cmd: preprocess
  insize=3407 outsize=536 ok=1
Cmd: preprocess
  insize=18689 outsize=541 ok=1
Cmd: preprocess
  insize=18686 outsize=541 ok=1
Cmd: preprocess
  insize=25340 outsize=546 ok=1
Cmd: preprocess
  insize=27552 outsize=544 ok=1
Cmd: preprocess
  insize=3736 outsize=542 ok=1
Cmd: preprocess
  insize=6389 outsize=546 ok=1
Cmd: preprocess
  insize=811 outsize=209 ok=1
Cmd: preprocess
  insize=811 outsize=209 ok=1
Cmd: preprocess
  insize=811 outsize=209 ok=1
Cmd: preprocess
  insize=811 outsize=209 ok=1
Cmd: preprocess
  insize=811 outsize=209 ok=1
Cmd: preprocess
  insize=811 outsize=209 ok=1
Cmd: preprocess
  insize=811 outsize=209 ok=1
Cmd: preprocess
  insize=811 outsize=209 ok=1
Cmd: preprocess
  insize=811 outsize=209 ok=1
Cmd: preprocess
  insize=811 outsize=209 ok=1
Cmd: preprocess
  insize=811 outsize=209 ok=1
Cmd: preprocess
  insize=811 outsize=209 ok=1
Cmd: preprocess
  insize=811 outsize=209 ok=1
Cmd: preprocess
  insize=811 outsize=209 ok=1
Cmd: preprocess
  insize=811 outsize=209 ok=1
Cmd: preprocess
  insize=811 outsize=209 ok=1
Cmd: preprocess
  insize=811 outsize=209 ok=1
Cmd: preprocess
  insize=811 outsize=209 ok=1
Cmd: preprocess
  insize=811 outsize=209 ok=1
Cmd: preprocess
  insize=811 outsize=209 ok=1
Cmd: preprocess
  insize=811 outsize=209 ok=1
Cmd: preprocess
  insize=811 outsize=209 ok=1
Cmd: preprocess
  insize=811 outsize=209 ok=1
Cmd: preprocess
  insize=811 outsize=209 ok=1
Cmd: preprocess
  insize=811 outsize=209 ok=1
Cmd: preprocess
  insize=811 outsize=209 ok=1
Cmd: preprocess
  insize=811 outsize=209 ok=1
Cmd: preprocess
  insize=811 outsize=209 ok=1
Cmd: preprocess
  insize=195538 outsize=6553 ok=1
Cmd: preprocess
  insize=20837 outsize=623 ok=1
Cmd: preprocess
  insize=3498 outsize=598 ok=1
Cmd: preprocess
  insize=4021 outsize=599 ok=1
Cmd: preprocess
  insize=4254 outsize=599 ok=1
Cmd: preprocess
  insize=24044 outsize=605 ok=1
Cmd: preprocess
  insize=23085 outsize=612 ok=1
Cmd: preprocess
  insize=3826 outsize=604 ok=1
Cmd: preprocess
  insize=21006 outsize=605 ok=1
Cmd: preprocess
  insize=4391 outsize=610 ok=1
Cmd: preprocess
  insize=4558 outsize=599 ok=1
Cmd: preprocess
  insize=4554 outsize=597 ok=1
Cmd: preprocess
  insize=4021 outsize=599 ok=1
Cmd: preprocess
  insize=4250 outsize=598 ok=1
Cmd: preprocess
  insize=4824 outsize=611 ok=1
Cmd: preprocess
  insize=4821 outsize=611 ok=1
Cmd: preprocess
  insize=5602 outsize=605 ok=1
Cmd: preprocess
  insize=5599 outsize=605 ok=1
Cmd: preprocess
  insize=7610 outsize=603 ok=1
Cmd: preprocess
  insize=811 outsize=209 ok=1
Cmd: preprocess
  insize=811 outsize=209 ok=1
Cmd: preprocess
  insize=811 outsize=209 ok=1
Cmd: preprocess
  insize=811 outsize=209 ok=1
Cmd: preprocess
  insize=811 outsize=209 ok=1
Cmd: preprocess
  insize=811 outsize=209 ok=1
Cmd: preprocess
  insize=811 outsize=209 ok=1
Cmd: preprocess
  insize=811 outsize=209 ok=1
Cmd: preprocess
  insize=811 outsize=209 ok=1
Cmd: preprocess
  insize=811 outsize=209 ok=1
Cmd: preprocess
  insize=811 outsize=209 ok=1
Cmd: preprocess
  insize=811 outsize=209 ok=1
Cmd: preprocess
  insize=811 outsize=209 ok=1
Cmd: preprocess
  insize=811 outsize=209 ok=1
Cmd: preprocess
  insize=811 outsize=209 ok=1
Cmd: preprocess
  insize=811 outsize=209 ok=1
Cmd: preprocess
  insize=811 outsize=209 ok=1
Cmd: preprocess
  insize=811 outsize=209 ok=1
Cmd: preprocess
  insize=811 outsize=209 ok=1
Cmd: preprocess
  insize=811 outsize=209 ok=1
Cmd: preprocess
  insize=811 outsize=209 ok=1
Cmd: preprocess
  insize=811 outsize=209 ok=1
Cmd: preprocess
  insize=811 outsize=209 ok=1
Cmd: preprocess
  insize=811 outsize=209 ok=1
Cmd: preprocess
  insize=811 outsize=209 ok=1
Cmd: preprocess
  insize=811 outsize=209 ok=1
Cmd: preprocess
  insize=811 outsize=209 ok=1
Cmd: preprocess
  insize=811 outsize=209 ok=1
Cmd: preprocess
  insize=811 outsize=209 ok=1
Cmd: preprocess
  insize=811 outsize=209 ok=1
Cmd: preprocess
  insize=811 outsize=209 ok=1
Cmd: preprocess
  insize=811 outsize=209 ok=1
Cmd: preprocess
  insize=811 outsize=209 ok=1
Cmd: preprocess
  insize=811 outsize=209 ok=1
Cmd: preprocess
  insize=811 outsize=209 ok=1
Cmd: preprocess
  insize=811 outsize=209 ok=1
Cmd: preprocess
  insize=811 outsize=209 ok=1
Cmd: preprocess
  insize=811 outsize=209 ok=1
Cmd: preprocess
  insize=811 outsize=209 ok=1
Cmd: preprocess
  insize=811 outsize=209 ok=1
Cmd: preprocess
  insize=811 outsize=209 ok=1
Cmd: preprocess
  insize=811 outsize=209 ok=1
Cmd: preprocess
  insize=811 outsize=209 ok=1
Cmd: preprocess
  insize=811 outsize=209 ok=1
Cmd: preprocess
  insize=259405 outsize=7130 ok=1
Cmd: preprocess
  insize=4803 outsize=947 ok=1
Cmd: preprocess
  insize=4133 outsize=934 ok=1
Cmd: preprocess
  insize=6714 outsize=941 ok=1
Cmd: preprocess
  insize=10223 outsize=949 ok=1
Cmd: preprocess
  insize=10402 outsize=941 ok=1
Cmd: preprocess
  insize=4133 outsize=933 ok=1
Cmd: preprocess
  insize=41440 outsize=1189 ok=1
Cmd: preprocess
  insize=41606 outsize=1183 ok=1
Cmd: preprocess
  insize=4988 outsize=938 ok=1
Cmd: preprocess
  insize=4133 outsize=934 ok=1
Cmd: preprocess
  insize=4789 outsize=938 ok=1
Cmd: preprocess
  insize=4685 outsize=947 ok=1
Cmd: preprocess
  insize=16582 outsize=943 ok=1
Cmd: preprocess
  insize=5115 outsize=940 ok=1
Cmd: preprocess
  insize=10232 outsize=949 ok=1
Cmd: preprocess
  insize=26657 outsize=943 ok=1
Cmd: preprocess
  insize=26841 outsize=941 ok=1
Cmd: preprocess
  insize=8010 outsize=1188 ok=1
Cmd: preprocess
  insize=32402 outsize=936 ok=1
Cmd: preprocess
  insize=27567 outsize=941 ok=1
Cmd: preprocess
  insize=4667 outsize=940 ok=1
Cmd: preprocess
  insize=4345 outsize=940 ok=1
Cmd: preprocess
  insize=5598 outsize=941 ok=1
Cmd: preprocess
  insize=38916 outsize=1178 ok=1
Cmd: preprocess
  insize=10873 outsize=1194 ok=1
Cmd: preprocess
  insize=11048 outsize=1181 ok=1
Cmd: preprocess
  insize=19412 outsize=938 ok=1
Cmd: preprocess
  insize=19409 outsize=936 ok=1
Cmd: preprocess
  insize=7115 outsize=944 ok=1
Cmd: preprocess
  insize=39359 outsize=1179 ok=1
Cmd: preprocess
  insize=39133 outsize=1180 ok=1
Cmd: preprocess
  insize=811 outsize=209 ok=1
Cmd: preprocess
  insize=811 outsize=209 ok=1
Cmd: preprocess
  insize=811 outsize=209 ok=1
Cmd: preprocess
  insize=811 outsize=209 ok=1
Cmd: preprocess
  insize=811 outsize=209 ok=1
Cmd: preprocess
  insize=811 outsize=209 ok=1
Cmd: preprocess
  insize=811 outsize=209 ok=1
Cmd: preprocess
  insize=811 outsize=209 ok=1
Cmd: preprocess
  insize=811 outsize=209 ok=1
Cmd: preprocess
  insize=811 outsize=209 ok=1
Cmd: preprocess
  insize=811 outsize=209 ok=1
Cmd: preprocess
  insize=811 outsize=209 ok=1
Cmd: preprocess
  insize=811 outsize=209 ok=1
Cmd: preprocess
  insize=811 outsize=209 ok=1
Cmd: preprocess
  insize=811 outsize=209 ok=1
Cmd: preprocess
  insize=174910 outsize=6952 ok=1
Cmd: preprocess
  insize=7187 outsize=771 ok=1
Cmd: preprocess
  insize=13210 outsize=1004 ok=1
Cmd: preprocess
  insize=3844 outsize=523 ok=1
Cmd: preprocess
  insize=3521 outsize=523 ok=1
Cmd: preprocess
  insize=4775 outsize=524 ok=1
Cmd: preprocess
  insize=10386 outsize=771 ok=1
Cmd: preprocess
  insize=16077 outsize=1018 ok=1
Cmd: preprocess
  insize=16252 outsize=1006 ok=1
Cmd: preprocess
  insize=18437 outsize=1013 ok=1
Cmd: preprocess
  insize=19396 outsize=1007 ok=1
Cmd: preprocess
  insize=811 outsize=209 ok=1
Cmd: preprocess
  insize=811 outsize=209 ok=1
Cmd: preprocess
  insize=811 outsize=209 ok=1
Cmd: preprocess
  insize=811 outsize=209 ok=1
Cmd: preprocess
  insize=811 outsize=209 ok=1
Cmd: preprocess
  insize=811 outsize=209 ok=1
Cmd: preprocess
  insize=811 outsize=209 ok=1
Cmd: preprocess
  insize=811 outsize=209 ok=1
Cmd: preprocess
  insize=811 outsize=209 ok=1
Cmd: preprocess
  insize=811 outsize=209 ok=1
Cmd: preprocess
  insize=811 outsize=209 ok=1
Cmd: preprocess
  insize=811 outsize=209 ok=1
Cmd: preprocess
  insize=811 outsize=209 ok=1
Cmd: preprocess
  insize=150363 outsize=6426 ok=1
Cmd: preprocess
  insize=3986 outsize=486 ok=1
Cmd: preprocess
  insize=3316 outsize=472 ok=1
Cmd: preprocess
  insize=5899 outsize=480 ok=1
Cmd: preprocess
  insize=9408 outsize=488 ok=1
Cmd: preprocess
  insize=9583 outsize=479 ok=1
Cmd: preprocess
  insize=11769 outsize=486 ok=1
Cmd: preprocess
  insize=12141 outsize=481 ok=1
Cmd: preprocess
  insize=4171 outsize=476 ok=1
Cmd: preprocess
  insize=811 outsize=209 ok=1
Cmd: preprocess
  insize=811 outsize=209 ok=1
Cmd: preprocess
  insize=811 outsize=209 ok=1
Cmd: preprocess
  insize=811 outsize=209 ok=1
Cmd: preprocess
  insize=811 outsize=209 ok=1
Cmd: preprocess
  insize=811 outsize=209 ok=1
Cmd: preprocess
  insize=811 outsize=209 ok=1
Cmd: preprocess
  insize=811 outsize=209 ok=1
Cmd: preprocess
  insize=811 outsize=209 ok=1
Cmd: preprocess
  insize=811 outsize=209 ok=1
Cmd: preprocess
  insize=811 outsize=209 ok=1
Cmd: preprocess
  insize=811 outsize=209 ok=1
Cmd: preprocess
  insize=811 outsize=209 ok=1
Cmd: preprocess
  insize=811 outsize=209 ok=1
Cmd: preprocess
  insize=811 outsize=209 ok=1
Cmd: preprocess
  insize=811 outsize=209 ok=1
Cmd: preprocess
  insize=811 outsize=209 ok=1
Cmd: preprocess
  insize=811 outsize=209 ok=1
Cmd: preprocess
  insize=811 outsize=209 ok=1
Cmd: preprocess
  insize=811 outsize=209 ok=1
Cmd: preprocess
  insize=811 outsize=209 ok=1
Cmd: preprocess
  insize=811 outsize=209 ok=1
Cmd: preprocess
  insize=811 outsize=209 ok=1
Cmd: preprocess
  insize=232618 outsize=6610 ok=1
Cmd: preprocess
  insize=17503 outsize=679 ok=1
Cmd: preprocess
  insize=3858 outsize=668 ok=1
Cmd: preprocess
  insize=3664 outsize=657 ok=1
Cmd: preprocess
  insize=3990 outsize=662 ok=1
Cmd: preprocess
  insize=31487 outsize=664 ok=1
Cmd: preprocess
  insize=4531 outsize=669 ok=1
Cmd: preprocess
  insize=18503 outsize=658 ok=1
Cmd: preprocess
  insize=18372 outsize=664 ok=1
Cmd: preprocess
  insize=23174 outsize=672 ok=1
Cmd: preprocess
  insize=31318 outsize=682 ok=1
Cmd: preprocess
  insize=4965 outsize=659 ok=1
Cmd: preprocess
  insize=34525 outsize=665 ok=1
Cmd: preprocess
  insize=33566 outsize=671 ok=1
Cmd: preprocess
  insize=811 outsize=209 ok=1
Cmd: preprocess
  insize=811 outsize=209 ok=1
Cmd: preprocess
  insize=811 outsize=209 ok=1
Cmd: preprocess
  insize=811 outsize=209 ok=1
Cmd: preprocess
  insize=811 outsize=209 ok=1
Cmd: preprocess
  insize=811 outsize=209 ok=1
Cmd: preprocess
  insize=811 outsize=209 ok=1
Cmd: preprocess
  insize=811 outsize=209 ok=1
Cmd: preprocess
  insize=811 outsize=209 ok=1
Cmd: preprocess
  insize=811 outsize=209 ok=1
Cmd: preprocess
  insize=811 outsize=209 ok=1
Cmd: preprocess
  insize=811 outsize=209 ok=1
Cmd: preprocess
  insize=811 outsize=209 ok=1
Cmd: preprocess
  insize=811 outsize=209 ok=1
Cmd: preprocess
  insize=177371 outsize=6474 ok=1
Cmd: preprocess
  insize=3604 outsize=526 ok=1
Cmd: preprocess
  insize=12987 outsize=540 ok=1
Cmd: preprocess
  insize=3512 outsize=529 ok=1
Cmd: preprocess
  insize=6402 outsize=535 ok=1
Cmd: preprocess
  insize=15976 outsize=526 ok=1
Cmd: preprocess
  insize=18378 outsize=534 ok=1
Cmd: preprocess
  insize=19337 outsize=528 ok=1
Cmd: preprocess
  insize=16193 outsize=527 ok=1
Cmd: preprocess
  insize=811 outsize=209 ok=1
Cmd: preprocess
  insize=811 outsize=209 ok=1
Cmd: preprocess
  insize=811 outsize=209 ok=1
Cmd: preprocess
  insize=811 outsize=209 ok=1
Cmd: preprocess
  insize=811 outsize=209 ok=1
Cmd: preprocess
  insize=811 outsize=209 ok=1
Cmd: preprocess
  insize=811 outsize=209 ok=1
Cmd: preprocess
  insize=811 outsize=209 ok=1
Cmd: preprocess
  insize=811 outsize=209 ok=1
Cmd: preprocess
  insize=811 outsize=209 ok=1
Cmd: preprocess
  insize=811 outsize=209 ok=1
Cmd: preprocess
  insize=811 outsize=209 ok=1
Cmd: preprocess
  insize=811 outsize=209 ok=1
Cmd: preprocess
  insize=811 outsize=209 ok=1
Cmd: preprocess
  insize=199227 outsize=6478 ok=1
Cmd: preprocess
  insize=21814 outsize=549 ok=1
Cmd: preprocess
  insize=3396 outsize=524 ok=1
Cmd: preprocess
  insize=8843 outsize=539 ok=1
Cmd: preprocess
  insize=25021 outsize=532 ok=1
Cmd: preprocess
  insize=24062 outsize=538 ok=1
Cmd: preprocess
  insize=3726 outsize=530 ok=1
Cmd: preprocess
  insize=21983 outsize=531 ok=1
Cmd: preprocess
  insize=811 outsize=209 ok=1
Cmd: preprocess
  insize=811 outsize=209 ok=1
Cmd: preprocess
  insize=811 outsize=209 ok=1
Cmd: preprocess
  insize=811 outsize=209 ok=1
Cmd: preprocess
  insize=811 outsize=209 ok=1
Cmd: preprocess
  insize=811 outsize=209 ok=1
Cmd: preprocess
  insize=811 outsize=209 ok=1
Cmd: preprocess
  insize=811 outsize=209 ok=1
Cmd: preprocess
  insize=811 outsize=209 ok=1
Cmd: preprocess
  insize=811 outsize=209 ok=1
Cmd: preprocess
  insize=811 outsize=209 ok=1
Cmd: preprocess
  insize=811 outsize=209 ok=1
Cmd: preprocess
  insize=811 outsize=209 ok=1
Cmd: preprocess
  insize=811 outsize=209 ok=1
Cmd: preprocess
  insize=188850 outsize=6616 ok=1
Cmd: preprocess
  insize=19404 outsize=684 ok=1
Cmd: preprocess
  insize=6762 outsize=677 ok=1
Cmd: preprocess
  insize=3964 outsize=667 ok=1
Cmd: preprocess
  insize=3872 outsize=672 ok=1
Cmd: preprocess
  insize=22714 outsize=670 ok=1
Cmd: preprocess
  insize=21754 outsize=675 ok=1
Cmd: preprocess
  insize=19576 outsize=669 ok=1
Cmd: preprocess
  insize=811 outsize=209 ok=1
Cmd: preprocess
  insize=811 outsize=209 ok=1
Cmd: preprocess
  insize=811 outsize=209 ok=1
Cmd: preprocess
  insize=811 outsize=209 ok=1
Cmd: preprocess
  insize=811 outsize=209 ok=1
Cmd: preprocess
  insize=811 outsize=209 ok=1
Cmd: preprocess
  insize=811 outsize=209 ok=1
Cmd: preprocess
  insize=811 outsize=209 ok=1
Cmd: preprocess
  insize=811 outsize=209 ok=1
Cmd: preprocess
  insize=811 outsize=209 ok=1
Cmd: preprocess
  insize=811 outsize=209 ok=1
Cmd: preprocess
  insize=811 outsize=209 ok=1
Cmd: preprocess
  insize=811 outsize=209 ok=1
Cmd: preprocess
  insize=811 outsize=209 ok=1
Cmd: preprocess
  insize=811 outsize=209 ok=1
Cmd: preprocess
  insize=174910 outsize=6952 ok=1
Cmd: preprocess
  insize=7187 outsize=771 ok=1
Cmd: preprocess
  insize=13210 outsize=1004 ok=1
Cmd: preprocess
  insize=3844 outsize=523 ok=1
Cmd: preprocess
  insize=3521 outsize=523 ok=1
Cmd: preprocess
  insize=4775 outsize=524 ok=1
Cmd: preprocess
  insize=10386 outsize=771 ok=1
Cmd: preprocess
  insize=16077 outsize=1018 ok=1
Cmd: preprocess
  insize=16252 outsize=1006 ok=1
Cmd: preprocess
  insize=18437 outsize=1013 ok=1
Cmd: preprocess
  insize=19396 outsize=1007 ok=1
Cmd: preprocess
  insize=7187 outsize=771 ok=1
Cmd: preprocess
  insize=4775 outsize=524 ok=1
Cmd: preprocess
  insize=10386 outsize=771 ok=1
Cmd: preprocess
  insize=16077 outsize=1018 ok=1
Cmd: preprocess
  insize=18437 outsize=1013 ok=1
Cmd: preprocess
  insize=174910 outsize=6952 ok=1
Cmd: preprocess
  insize=19396 outsize=1007 ok=1
Cmd: preprocess
  insize=16252 outsize=1006 ok=1
Cmd: preprocess
  insize=13210 outsize=1004 ok=1
Cmd: preprocess
  insize=3844 outsize=523 ok=1
Cmd: preprocess
  insize=811 outsize=209 ok=1
Cmd: preprocess
  insize=811 outsize=209 ok=1
Cmd: preprocess
  insize=811 outsize=209 ok=1
Cmd: preprocess
  insize=811 outsize=209 ok=1
Cmd: preprocess
  insize=811 outsize=209 ok=1
Cmd: preprocess
  insize=811 outsize=209 ok=1
Cmd: preprocess
  insize=811 outsize=209 ok=1
Cmd: preprocess
  insize=811 outsize=209 ok=1
Cmd: preprocess
  insize=811 outsize=209 ok=1
Cmd: preprocess
  insize=811 outsize=209 ok=1
Cmd: preprocess
  insize=811 outsize=209 ok=1
Cmd: preprocess
  insize=811 outsize=209 ok=1
Cmd: preprocess
  insize=811 outsize=209 ok=1
Cmd: preprocess
  insize=811 outsize=209 ok=1
Cmd: preprocess
  insize=811 outsize=209 ok=1
Cmd: preprocess
  insize=811 outsize=209 ok=1
Cmd: preprocess
  insize=811 outsize=209 ok=1
Cmd: preprocess
  insize=811 outsize=209 ok=1
Cmd: preprocess
  insize=811 outsize=209 ok=1
Cmd: preprocess
  insize=811 outsize=209 ok=1
Cmd: preprocess
  insize=811 outsize=209 ok=1
Cmd: preprocess
  insize=811 outsize=209 ok=1
Cmd: preprocess
  insize=811 outsize=209 ok=1
Cmd: preprocess
  insize=811 outsize=209 ok=1
Cmd: preprocess
  insize=811 outsize=209 ok=1
Cmd: preprocess
  insize=811 outsize=209 ok=1
Cmd: preprocess
  insize=811 outsize=209 ok=1
Cmd: preprocess
  insize=811 outsize=209 ok=1
Cmd: preprocess
  insize=811 outsize=209 ok=1
Cmd: preprocess
  insize=811 outsize=209 ok=1
Cmd: preprocess
  insize=811 outsize=209 ok=1
Cmd: preprocess
  insize=811 outsize=209 ok=1
Cmd: preprocess
  insize=811 outsize=209 ok=1
Cmd: preprocess
  insize=811 outsize=209 ok=1
Cmd: preprocess
  insize=811 outsize=209 ok=1
Cmd: preprocess
  insize=811 outsize=209 ok=1
Cmd: preprocess
  insize=811 outsize=209 ok=1
Cmd: preprocess
  insize=811 outsize=209 ok=1
Cmd: preprocess
  insize=811 outsize=209 ok=1
Cmd: preprocess
  insize=811 outsize=209 ok=1
Cmd: preprocess
  insize=811 outsize=209 ok=1
Cmd: preprocess
  insize=811 outsize=209 ok=1
Cmd: preprocess
  insize=811 outsize=209 ok=1
Cmd: preprocess
  insize=811 outsize=209 ok=1
Cmd: preprocess
  insize=259405 outsize=7130 ok=1
Cmd: preprocess
  insize=4803 outsize=947 ok=1
Cmd: preprocess
  insize=4133 outsize=934 ok=1
Cmd: preprocess
  insize=6714 outsize=941 ok=1
Cmd: preprocess
  insize=10223 outsize=949 ok=1
Cmd: preprocess
  insize=10402 outsize=941 ok=1
Cmd: preprocess
  insize=4133 outsize=933 ok=1
Cmd: preprocess
  insize=41440 outsize=1189 ok=1
Cmd: preprocess
  insize=41606 outsize=1183 ok=1
Cmd: preprocess
  insize=4988 outsize=938 ok=1
Cmd: preprocess
  insize=4133 outsize=934 ok=1
Cmd: preprocess
  insize=4789 outsize=938 ok=1
Cmd: preprocess
  insize=4685 outsize=947 ok=1
Cmd: preprocess
  insize=16582 outsize=943 ok=1
Cmd: preprocess
  insize=5115 outsize=940 ok=1
Cmd: preprocess
  insize=10232 outsize=949 ok=1
Cmd: preprocess
  insize=26657 outsize=943 ok=1
Cmd: preprocess
  insize=26841 outsize=941 ok=1
Cmd: preprocess
  insize=8010 outsize=1188 ok=1
Cmd: preprocess
  insize=32402 outsize=936 ok=1
Cmd: preprocess
  insize=27567 outsize=941 ok=1
Cmd: preprocess
  insize=4667 outsize=940 ok=1
Cmd: preprocess
  insize=4345 outsize=940 ok=1
Cmd: preprocess
  insize=5598 outsize=941 ok=1
Cmd: preprocess
  insize=38916 outsize=1178 ok=1
Cmd: preprocess
  insize=10873 outsize=1194 ok=1
Cmd: preprocess
  insize=11048 outsize=1181 ok=1
Cmd: preprocess
  insize=19412 outsize=938 ok=1
Cmd: preprocess
  insize=19409 outsize=936 ok=1
Cmd: preprocess
  insize=7115 outsize=944 ok=1
Cmd: preprocess
  insize=39359 outsize=1179 ok=1
Cmd: preprocess
  insize=39133 outsize=1180 ok=1
Cmd: preprocess
  insize=10223 outsize=949 ok=1
Cmd: preprocess
  insize=41440 outsize=1189 ok=1
Cmd: preprocess
  insize=16582 outsize=943 ok=1
Cmd: preprocess
  insize=10232 outsize=949 ok=1
Cmd: preprocess
  insize=26657 outsize=943 ok=1
Cmd: preprocess
  insize=8010 outsize=1188 ok=1
Cmd: preprocess
  insize=5598 outsize=941 ok=1
Cmd: preprocess
  insize=10873 outsize=1194 ok=1
Cmd: preprocess
  insize=7115 outsize=944 ok=1
Cmd: preprocess
  insize=39359 outsize=1179 ok=1
Cmd: preprocess
  insize=41606 outsize=1183 ok=1
Cmd: preprocess
  insize=259405 outsize=7130 ok=1
Cmd: preprocess
  insize=19412 outsize=938 ok=1
Cmd: preprocess
  insize=19409 outsize=936 ok=1
Cmd: preprocess
  insize=26841 outsize=941 ok=1
Cmd: preprocess
  insize=27567 outsize=941 ok=1
Cmd: preprocess
  insize=32402 outsize=936 ok=1
Cmd: preprocess
  insize=38916 outsize=1178 ok=1
Cmd: preprocess
  insize=39133 outsize=1180 ok=1
Cmd: preprocess
  insize=11048 outsize=1181 ok=1
Cmd: preprocess
  insize=4667 outsize=940 ok=1
Cmd: preprocess
  insize=5115 outsize=940 ok=1
Cmd: preprocess
  insize=4685 outsize=947 ok=1
Cmd: preprocess
  insize=4789 outsize=938 ok=1
Cmd: preprocess
  insize=10402 outsize=941 ok=1
Cmd: preprocess
  insize=4803 outsize=947 ok=1
Cmd: preprocess
  insize=4988 outsize=938 ok=1
Cmd: preprocess
  insize=6714 outsize=941 ok=1
Cmd: preprocess
  insize=811 outsize=209 ok=1
Cmd: preprocess
  insize=811 outsize=209 ok=1
Cmd: preprocess
  insize=811 outsize=209 ok=1
Cmd: preprocess
  insize=811 outsize=209 ok=1
Cmd: preprocess
  insize=811 outsize=209 ok=1
Cmd: preprocess
  insize=811 outsize=209 ok=1
Cmd: preprocess
  insize=811 outsize=209 ok=1
Cmd: preprocess
  insize=811 outsize=209 ok=1
Cmd: preprocess
  insize=811 outsize=209 ok=1
Cmd: preprocess
  insize=811 outsize=209 ok=1
Cmd: preprocess
  insize=811 outsize=209 ok=1
Cmd: preprocess
  insize=811 outsize=209 ok=1
Cmd: preprocess
  insize=811 outsize=209 ok=1
Cmd: preprocess
  insize=811 outsize=209 ok=1
Cmd: preprocess
  insize=811 outsize=209 ok=1
Cmd: preprocess
  insize=811 outsize=209 ok=1
Cmd: preprocess
  insize=811 outsize=209 ok=1
Cmd: preprocess
  insize=811 outsize=209 ok=1
Cmd: preprocess
  insize=811 outsize=209 ok=1
Cmd: preprocess
  insize=811 outsize=209 ok=1
Cmd: preprocess
  insize=811 outsize=209 ok=1
Cmd: preprocess
  insize=811 outsize=209 ok=1
Cmd: preprocess
  insize=811 outsize=209 ok=1
Cmd: preprocess
  insize=811 outsize=209 ok=1
Cmd: preprocess
  insize=811 outsize=209 ok=1
Cmd: preprocess
  insize=811 outsize=209 ok=1
Cmd: preprocess
  insize=811 outsize=209 ok=1
Cmd: preprocess
  insize=811 outsize=209 ok=1
Cmd: preprocess
  insize=811 outsize=209 ok=1
Cmd: preprocess
  insize=811 outsize=209 ok=1
Cmd: preprocess
  insize=811 outsize=209 ok=1
Cmd: preprocess
  insize=811 outsize=209 ok=1
Cmd: preprocess
  insize=811 outsize=209 ok=1
Cmd: preprocess
  insize=811 outsize=209 ok=1
Cmd: preprocess
  insize=811 outsize=209 ok=1
Cmd: preprocess
  insize=811 outsize=209 ok=1
Cmd: preprocess
  insize=811 outsize=209 ok=1
Cmd: preprocess
  insize=811 outsize=209 ok=1
Cmd: preprocess
  insize=811 outsize=209 ok=1
Cmd: preprocess
  insize=811 outsize=209 ok=1
Cmd: preprocess
  insize=811 outsize=209 ok=1
Cmd: preprocess
  insize=811 outsize=209 ok=1
Cmd: preprocess
  insize=811 outsize=209 ok=1
Cmd: preprocess
  insize=811 outsize=209 ok=1
Cmd: preprocess
  insize=811 outsize=209 ok=1
Cmd: preprocess
  insize=811 outsize=209 ok=1
Cmd: preprocess
  insize=811 outsize=209 ok=1
Cmd: preprocess
  insize=811 outsize=209 ok=1
Cmd: preprocess
  insize=811 outsize=209 ok=1
Cmd: preprocess
  insize=811 outsize=209 ok=1
Cmd: preprocess
  insize=811 outsize=209 ok=1
Cmd: preprocess
  insize=811 outsize=209 ok=1
Cmd: preprocess
  insize=811 outsize=209 ok=1
Cmd: preprocess
  insize=811 outsize=209 ok=1
Cmd: preprocess
  insize=811 outsize=209 ok=1
Cmd: preprocess
  insize=811 outsize=209 ok=1
Cmd: preprocess
  insize=811 outsize=209 ok=1
Cmd: preprocess
  insize=811 outsize=209 ok=1
Cmd: preprocess
  insize=811 outsize=209 ok=1
Cmd: preprocess
  insize=811 outsize=209 ok=1
Cmd: preprocess
  insize=811 outsize=209 ok=1
Cmd: preprocess
  insize=811 outsize=209 ok=1
Cmd: preprocess
  insize=811 outsize=209 ok=1
Cmd: preprocess
  insize=811 outsize=209 ok=1
Cmd: preprocess
  insize=811 outsize=209 ok=1
Cmd: preprocess
  insize=811 outsize=209 ok=1
Cmd: preprocess
  insize=811 outsize=209 ok=1
Cmd: preprocess
  insize=811 outsize=209 ok=1
Cmd: preprocess
  insize=811 outsize=209 ok=1
Cmd: preprocess
  insize=37645 outsize=1473 ok=1
Cmd: preprocess
  insize=54230 outsize=1474 ok=1
Cmd: preprocess
  insize=37492 outsize=1474 ok=1
Cmd: preprocess
  insize=54059 outsize=1489 ok=1
Cmd: preprocess
  insize=36823 outsize=1474 ok=1
Cmd: preprocess
  insize=4756 outsize=988 ok=1
Cmd: preprocess
  insize=4510 outsize=992 ok=1
Cmd: preprocess
  insize=4229 outsize=993 ok=1
Cmd: preprocess
  insize=36517 outsize=1470 ok=1
Cmd: preprocess
  insize=35349 outsize=1472 ok=1
Cmd: preprocess
  insize=32425 outsize=1238 ok=1
Cmd: preprocess
  insize=54719 outsize=1485 ok=1
Cmd: preprocess
  insize=35204 outsize=1472 ok=1
Cmd: preprocess
  insize=5561 outsize=993 ok=1
Cmd: preprocess
  insize=5285 outsize=994 ok=1
Cmd: preprocess
  insize=55674 outsize=1475 ok=1
Cmd: preprocess
  insize=25978 outsize=989 ok=1
Cmd: preprocess
  insize=19753 outsize=994 ok=1
Cmd: preprocess
  insize=19594 outsize=992 ok=1
Cmd: preprocess
  insize=25841 outsize=987 ok=1
Cmd: preprocess
  insize=4354 outsize=992 ok=1
Cmd: preprocess
  insize=308859 outsize=7422 ok=1
Cmd: preprocess
  insize=21109 outsize=1004 ok=1
Cmd: preprocess
  insize=24021 outsize=1004 ok=1
Cmd: preprocess
  insize=34397 outsize=1000 ok=1
Cmd: preprocess
  insize=32156 outsize=1011 ok=1
Cmd: preprocess
  insize=32325 outsize=993 ok=1
Cmd: preprocess
  insize=5989 outsize=1003 ok=1
Cmd: preprocess
  insize=4142 outsize=987 ok=1
Cmd: preprocess
  insize=18517 outsize=994 ok=1
Cmd: preprocess
  insize=18643 outsize=988 ok=1
Cmd: preprocess
  insize=5115 outsize=989 ok=1
Cmd: preprocess
  insize=4689 outsize=1000 ok=1
Cmd: preprocess
  insize=17659 outsize=1009 ok=1
Cmd: preprocess
  insize=4335 outsize=997 ok=1
Cmd: preprocess
  insize=9309 outsize=1005 ok=1
Cmd: preprocess
  insize=35633 outsize=1469 ok=1
Cmd: preprocess
  insize=4354 outsize=992 ok=1
Cmd: preprocess
  insize=24088 outsize=993 ok=1
Cmd: preprocess
  insize=24482 outsize=988 ok=1
Cmd: preprocess
  insize=24088 outsize=994 ok=1
Cmd: preprocess
  insize=4262 outsize=997 ok=1
Cmd: preprocess
  insize=19217 outsize=1001 ok=1
Cmd: preprocess
  insize=19441 outsize=991 ok=1
Cmd: preprocess
  insize=29598 outsize=1236 ok=1
Cmd: preprocess
  insize=26200 outsize=992 ok=1
Cmd: preprocess
  insize=26388 outsize=988 ok=1
Cmd: preprocess
  insize=32657 outsize=1235 ok=1
Cmd: preprocess
  insize=32840 outsize=1235 ok=1
Cmd: preprocess
  insize=32680 outsize=1235 ok=1
Cmd: preprocess
  insize=35863 outsize=1474 ok=1
Cmd: preprocess
  insize=22704 outsize=1013 ok=1
Cmd: preprocess
  insize=54059 outsize=1489 ok=1
Cmd: preprocess
  insize=32425 outsize=1238 ok=1
Cmd: preprocess
  insize=54719 outsize=1485 ok=1
Cmd: preprocess
  insize=5285 outsize=994 ok=1
Cmd: preprocess
  insize=24021 outsize=1004 ok=1
Cmd: preprocess
  insize=34397 outsize=1000 ok=1
Cmd: preprocess
  insize=32156 outsize=1011 ok=1
Cmd: preprocess
  insize=5989 outsize=1003 ok=1
Cmd: preprocess
  insize=17659 outsize=1009 ok=1
Cmd: preprocess
  insize=9309 outsize=1005 ok=1
Cmd: preprocess
  insize=29598 outsize=1236 ok=1
Cmd: preprocess
  insize=22704 outsize=1013 ok=1
Cmd: preprocess
  insize=24088 outsize=994 ok=1
Cmd: preprocess
  insize=24088 outsize=993 ok=1
Cmd: preprocess
  insize=24482 outsize=988 ok=1
Cmd: preprocess
  insize=25841 outsize=987 ok=1
Cmd: preprocess
  insize=25978 outsize=989 ok=1
Cmd: preprocess
  insize=26200 outsize=992 ok=1
Cmd: preprocess
  insize=26388 outsize=988 ok=1
Cmd: preprocess
  insize=32657 outsize=1235 ok=1
Cmd: preprocess
  insize=32680 outsize=1235 ok=1
Cmd: preprocess
  insize=35204 outsize=1472 ok=1
Cmd: preprocess
  insize=37492 outsize=1474 ok=1
Cmd: preprocess
  insize=37645 outsize=1473 ok=1
Cmd: preprocess
  insize=54230 outsize=1474 ok=1
Cmd: preprocess
  insize=55674 outsize=1475 ok=1
Cmd: preprocess
  insize=308859 outsize=7422 ok=1
Cmd: preprocess
  insize=32840 outsize=1235 ok=1
Cmd: preprocess
  insize=35349 outsize=1472 ok=1
Cmd: preprocess
  insize=35633 outsize=1469 ok=1
Cmd: preprocess
  insize=35863 outsize=1474 ok=1
Cmd: preprocess
  insize=36517 outsize=1470 ok=1
Cmd: preprocess
  insize=36823 outsize=1474 ok=1
Cmd: preprocess
  insize=19217 outsize=1001 ok=1
Cmd: preprocess
  insize=19441 outsize=991 ok=1
Cmd: preprocess
  insize=19594 outsize=992 ok=1
Cmd: preprocess
  insize=19753 outsize=994 ok=1
Cmd: preprocess
  insize=18517 outsize=994 ok=1
Cmd: preprocess
  insize=18643 outsize=988 ok=1
Cmd: preprocess
  insize=21109 outsize=1004 ok=1
Cmd: preprocess
  insize=32325 outsize=993 ok=1
Cmd: preprocess
  insize=4689 outsize=1000 ok=1
Cmd: preprocess
  insize=5115 outsize=989 ok=1
Cmd: preprocess
  insize=5561 outsize=993 ok=1
Cmd: preprocess
  insize=4229 outsize=993 ok=1
Cmd: preprocess
  insize=4510 outsize=992 ok=1
Cmd: preprocess
  insize=4756 outsize=988 ok=1
Cmd: preprocess
  insize=573092 outsize=11227 ok=1
